<?xml version="1.0" encoding="UTF-8"?>
<!-- Generated by org.testng.reporters.JUnitReportReporter -->
<testsuite name="tnm_review_IND_main.CreateRequest" tests="34" time="458.665" ignored="0" failures="0" timestamp="24 Jan 2021 08:57:01 GMT" skipped="0" hostname="DESKTOP-GAEG9SK" errors="0">
  <testcase name="chang_requestor_IN" time="8.969" classname="tnm_review_IND_main.CreateRequest"/>
  <testcase name="select_requestor_IN" time="49.323" classname="tnm_review_IND_main.CreateRequest"/>
  <testcase name="switching_insta" time="13.449" classname="tnm_review_IND_main.CreateRequest"/>
  <testcase name="skill_req" time="5.529" classname="tnm_review_IND_main.CreateRequest"/>
  <testcase name="skill_req_IN" time="3.858" classname="tnm_review_IND_main.CreateRequest"/>
  <testcase name="rates_details_IN" time="9.353" classname="tnm_review_IND_main.CreateRequest"/>
  <testcase name="loc_details_GB" time="14.870" classname="tnm_review_IND_main.CreateRequest"/>
  <testcase name="select_jrss" time="8.628" classname="tnm_review_IND_main.CreateRequest"/>
  <testcase name="rates_details" time="9.102" classname="tnm_review_IND_main.CreateRequest"/>
  <testcase name="switch_cntry" time="2.210" classname="tnm_review_IND_main.CreateRequest"/>
  <testcase name="select_jrss_GB" time="8.507" classname="tnm_review_IND_main.CreateRequest"/>
  <testcase name="sup_slection" time="20.512" classname="tnm_review_IND_main.CreateRequest"/>
  <testcase name="skill_req_GB" time="4.064" classname="tnm_review_IND_main.CreateRequest"/>
  <testcase name="select_requestor" time="18.828" classname="tnm_review_IND_main.CreateRequest"/>
  <testcase name="sup_slection_GB" time="31.910" classname="tnm_review_IND_main.CreateRequest"/>
  <testcase name="alert_call" time="0.066" classname="tnm_review_IND_main.CreateRequest"/>
  <testcase name="sup_slection_IN" time="26.243" classname="tnm_review_IND_main.CreateRequest"/>
  <testcase name="alert_call_GB" time="0.051" classname="tnm_review_IND_main.CreateRequest"/>
  <testcase name="RIPC_Login" time="47.929" classname="tnm_review_IND_main.CreateRequest"/>
  <testcase name="select_requestor_GB" time="35.548" classname="tnm_review_IND_main.CreateRequest"/>
  <testcase name="create_req_GB" time="3.532" classname="tnm_review_IND_main.CreateRequest"/>
  <testcase name="create_req_IN" time="14.026" classname="tnm_review_IND_main.CreateRequest"/>
  <testcase name="loc_details_IN" time="13.052" classname="tnm_review_IND_main.CreateRequest"/>
  <testcase name="loc_details" time="16.676" classname="tnm_review_IND_main.CreateRequest"/>
  <testcase name="req_details_GB" time="18.252" classname="tnm_review_IND_main.CreateRequest"/>
  <testcase name="alert_call_IN" time="0.062" classname="tnm_review_IND_main.CreateRequest"/>
  <testcase name="switch_cntry_IN" time="2.391" classname="tnm_review_IND_main.CreateRequest"/>
  <testcase name="switching_instIN" time="7.187" classname="tnm_review_IND_main.CreateRequest"/>
  <testcase name="create_req" time="7.498" classname="tnm_review_IND_main.CreateRequest"/>
  <testcase name="req_details_IN" time="15.827" classname="tnm_review_IND_main.CreateRequest"/>
  <testcase name="chang_requestor" time="9.204" classname="tnm_review_IND_main.CreateRequest"/>
  <testcase name="rates_details_GB" time="9.342" classname="tnm_review_IND_main.CreateRequest"/>
  <testcase name="req_details" time="16.661" classname="tnm_review_IND_main.CreateRequest"/>
  <testcase name="select_jrss_IN" time="6.006" classname="tnm_review_IND_main.CreateRequest"/>
</testsuite> <!-- tnm_review_IND_main.CreateRequest -->
